<?xml version="1.0" encoding="UTF-8"?>
<testng-results total="2" passed="2" failed="0" skipped="0">
  <reporter-output>
  </reporter-output>
  <suite started-at="2020-07-26T04:54:54Z" name="Surefire suite" finished-at="2020-07-26T04:54:54Z" duration-ms="17">
    <groups>
    </groups>
    <test started-at="2020-07-26T04:54:54Z" name="Surefire test" finished-at="2020-07-26T04:54:54Z" duration-ms="17">
      <class name="MavenAutomationPractice.MavenJava.AppiumTest">
        <test-method signature="AndroidApps()[pri:0, instance:MavenAutomationPractice.MavenJava.AppiumTest@1990a65e]" started-at="2020-07-26T00:54:54Z" name="AndroidApps" finished-at="2020-07-26T00:54:54Z" duration-ms="8" status="PASS">
          <reporter-output>
          </reporter-output>
        </test-method> <!-- AndroidApps -->
        <test-method signature="iosApps()[pri:0, instance:MavenAutomationPractice.MavenJava.AppiumTest@1990a65e]" started-at="2020-07-26T00:54:54Z" name="iosApps" finished-at="2020-07-26T00:54:54Z" duration-ms="0" status="PASS">
          <reporter-output>
          </reporter-output>
        </test-method> <!-- iosApps -->
      </class> <!-- MavenAutomationPractice.MavenJava.AppiumTest -->
    </test> <!-- Surefire test -->
  </suite> <!-- Surefire suite -->
</testng-results>
